<?xml version="1.0" encoding="UTF-8"?>
<!-- Generated by org.testng.reporters.JUnitReportReporter -->
<testsuite hostname="qaplanet22" name="TestScripts.TC2_AddEmp" tests="1" failures="0" timestamp="4 Sep 2017 07:15:44 GMT" time="21.784" errors="0">
  <testcase name="AddEmployee" time="21.784" classname="TestScripts.TC2_AddEmp"/>
</testsuite> <!-- TestScripts.TC2_AddEmp -->
