<?xml version="1.0" encoding="UTF-8"?>
<!-- Generated by org.testng.reporters.JUnitReportReporter -->
<testsuite hostname="qaplanet22" name="TestScripts.Tc1_Login" tests="1" failures="0" timestamp="4 Sep 2017 07:15:44 GMT" time="12.863" errors="0">
  <testcase name="verifyOrangeHRM" time="12.863" classname="TestScripts.Tc1_Login"/>
</testsuite> <!-- TestScripts.Tc1_Login -->
